<?xml version="1.0" encoding="UTF-8"?>
<!-- Generated by org.testng.reporters.JUnitReportReporter -->
<testsuite skipped="0" hostname="DESKTOP-CS0QB2G" name="Runners.TestRunner" tests="2" failures="0" timestamp="2022-02-06T00:58:43 EET" time="17.975" errors="0">
  <testcase name="runScenario" time="7.368" classname="Runners.TestRunner"/>
  <system-out/>
  <testcase name="runScenario" time="10.607" classname="Runners.TestRunner"/>
  <system-out/>
</testsuite> <!-- Runners.TestRunner -->
