<?xml version="1.0" encoding="UTF-8"?>
<!-- Generated by org.testng.reporters.JUnitReportReporter -->
<testsuite skipped="0" hostname="DESKTOP-CS0QB2G" name="test.ChangecurrencyTest" tests="2" failures="0" timestamp="2022-01-24T19:18:28 EET" time="9.605" errors="0">
  <testcase name="changecurrency" time="3.855" classname="test.ChangecurrencyTest"/>
  <system-out/>
  <testcase name="usercanserach" time="5.750" classname="test.ChangecurrencyTest"/>
  <system-out/>
</testsuite> <!-- test.ChangecurrencyTest -->
