<?xml version="1.0" encoding="UTF-8"?>
<!-- Generated by org.testng.reporters.JUnitReportReporter -->
<testsuite skipped="0" hostname="DESKTOP-CS0QB2G" name="test.reviewtest" tests="3" failures="0" timestamp="2022-01-24T19:46:14 EET" time="10.780" errors="0">
  <testcase name="usercanregin" time="5.217" classname="test.reviewtest"/>
  <system-out/>
  <testcase name="usercanserachusingauto" time="3.647" classname="test.reviewtest"/>
  <system-out/>
  <testcase name="review" time="1.916" classname="test.reviewtest"/>
  <system-out/>
</testsuite> <!-- test.reviewtest -->
