<?xml version="1.0" encoding="UTF-8"?>
<!-- Generated by org.testng.reporters.JUnitReportReporter -->
<testsuite skipped="0" hostname="DESKTOP-CS0QB2G" name="test.searchproducttest" tests="1" failures="0" timestamp="2022-01-23T21:15:30 EET" time="5.752" errors="0">
  <testcase name="usercanserach" time="5.752" classname="test.searchproducttest"/>
  <system-out/>
</testsuite> <!-- test.searchproducttest -->
