<?xml version="1.0" encoding="UTF-8"?>
<!-- Generated by org.testng.reporters.JUnitReportReporter -->
<testsuite skipped="0" hostname="DESKTOP-CS0QB2G" name="test.contentus" tests="1" failures="0" timestamp="2022-01-23T22:22:35 EET" time="3.557" errors="0">
  <testcase name="con" time="3.557" classname="test.contentus"/>
  <system-out/>
</testsuite> <!-- test.contentus -->
