<?xml version="1.0" encoding="UTF-8"?>
<!-- Generated by org.testng.reporters.JUnitReportReporter -->
<testsuite skipped="0" hostname="DESKTOP-CS0QB2G" name="test.userregstest" tests="3" failures="0" timestamp="2022-01-24T18:58:43 EET" time="10.201" errors="0">
  <testcase name="regesteredusercanlogoin" time="1.178" classname="test.userregstest"/>
  <system-out/>
  <testcase name="regesteredusercanlogout" time="3.785" classname="test.userregstest"/>
  <system-out/>
  <testcase name="usercanregin" time="5.238" classname="test.userregstest"/>
  <system-out/>
</testsuite> <!-- test.userregstest -->
