<?xml version="1.0" encoding="UTF-8"?>
<!-- Generated by org.testng.reporters.JUnitReportReporter -->
<testsuite skipped="0" hostname="DESKTOP-CS0QB2G" name="test.searchproductusingautosugg" tests="1" failures="0" timestamp="2022-01-23T21:56:38 EET" time="10.610" errors="0">
  <testcase name="usercanserachusingauto" time="10.610" classname="test.searchproductusingautosugg"/>
  <system-out/>
</testsuite> <!-- test.searchproductusingautosugg -->
