<?xml version="1.0" encoding="UTF-8"?>
<!-- Generated by org.testng.reporters.JUnitReportReporter -->
<testsuite skipped="0" hostname="DESKTOP-CS0QB2G" name="test.friendtest" tests="4" failures="0" timestamp="2022-01-24T18:59:45 EET" time="17.945" errors="0">
  <testcase name="usercanregin" time="7.565" classname="test.friendtest"/>
  <system-out/>
  <testcase name="usercanserach" time="6.905" classname="test.friendtest"/>
  <system-out/>
  <testcase name="sendemail" time="2.399" classname="test.friendtest"/>
  <system-out/>
  <testcase name="regesteredusercanlogout" time="1.076" classname="test.friendtest"/>
  <system-out/>
</testsuite> <!-- test.friendtest -->
