<?xml version="1.0" encoding="UTF-8"?>
<!-- Generated by org.testng.reporters.JUnitReportReporter -->
<testsuite skipped="0" hostname="DESKTOP-CS0QB2G" name="test.TestBase" tests="1" failures="0" timestamp="2022-01-19T20:29:56 EET" time="0.004" errors="0">
  <testcase name="mazen" time="0.004" classname="test.TestBase"/>
  <system-out/>
</testsuite> <!-- test.TestBase -->
