<?xml version="1.0" encoding="UTF-8"?>
<!-- Generated by org.testng.reporters.JUnitReportReporter -->
<testsuite skipped="0" hostname="DESKTOP-CS0QB2G" name="test.hovermnuetest" tests="1" failures="0" timestamp="2022-01-24T19:59:39 EET" time="13.273" errors="0">
  <testcase name="selectnotebooks" time="13.273" classname="test.hovermnuetest"/>
  <system-out/>
</testsuite> <!-- test.hovermnuetest -->
