<?xml version="1.0" encoding="UTF-8"?>
<!-- Generated by org.testng.reporters.JUnitReportReporter -->
<testsuite skipped="0" hostname="DESKTOP-CS0QB2G" name="test.userregstest" tests="3" failures="0" timestamp="2022-01-25T03:38:16 EET" time="10.031" errors="0">
  <testcase name="regesteredusercanlogout" time="0.937" classname="test.userregstest"/>
  <system-out/>
  <testcase name="regesteredusercanlogoin" time="1.267" classname="test.userregstest"/>
  <system-out/>
  <testcase name="usercanregin" time="7.827" classname="test.userregstest"/>
  <system-out/>
</testsuite> <!-- test.userregstest -->
